MyndVRCapstone/Library/PramData/AndroidApplicationController/Cache/com.DefaultCompany.MyndVRCapstone/gradle-project/launcher/build/intermediates/manifest_merge_blame_file/debug/manifest-merger-blame-debug-report.txt
1<?xml version="1.0" encoding="utf-8"?>
2<manifest xmlns:android="http://schemas.android.com/apk/res/android"
3    package="com.DefaultCompany.MyndVRCapstone"
4    android:installLocation="preferExternal"
5    android:versionCode="5"
6    android:versionName="5.1" >
7
8    <uses-sdk
9        android:minSdkVersion="25"
9-->src\main\AndroidManifest.xml
10        android:targetSdkVersion="31" />
10-->src\main\AndroidManifest.xml
11
12    <supports-screens
12-->src\main\AndroidManifest.xml:4:3-163
13        android:anyDensity="true"
13-->src\main\AndroidManifest.xml:4:135-160
14        android:largeScreens="true"
14-->src\main\AndroidManifest.xml:4:78-105
15        android:normalScreens="true"
15-->src\main\AndroidManifest.xml:4:49-77
16        android:smallScreens="true"
16-->src\main\AndroidManifest.xml:4:21-48
17        android:xlargeScreens="true" />
17-->src\main\AndroidManifest.xml:4:106-134
18
19    <uses-permission android:name="android.permission.INTERNET" />
19-->[:unityLibrary] AndroidManifest.xml:10:5-67
19-->[:unityLibrary] AndroidManifest.xml:10:22-64
20
21    <uses-feature android:glEsVersion="0x00030002" />
21-->[:unityLibrary] AndroidManifest.xml:12:5-54
21-->[:unityLibrary] AndroidManifest.xml:12:19-51
22    <uses-feature
22-->[:unityLibrary] AndroidManifest.xml:13:5-15:36
23        android:name="android.hardware.touchscreen"
23-->[:unityLibrary] AndroidManifest.xml:14:9-52
24        android:required="false" />
24-->[:unityLibrary] AndroidManifest.xml:15:9-33
25    <uses-feature
25-->[:unityLibrary] AndroidManifest.xml:16:5-18:36
26        android:name="android.hardware.touchscreen.multitouch"
26-->[:unityLibrary] AndroidManifest.xml:17:9-63
27        android:required="false" />
27-->[:unityLibrary] AndroidManifest.xml:18:9-33
28    <uses-feature
28-->[:unityLibrary] AndroidManifest.xml:19:5-21:36
29        android:name="android.hardware.touchscreen.multitouch.distinct"
29-->[:unityLibrary] AndroidManifest.xml:20:9-72
30        android:required="false" />
30-->[:unityLibrary] AndroidManifest.xml:21:9-33
31
32    <uses-permission android:name="org.khronos.openxr.permission.OPENXR" />
32-->[:unityLibrary] AndroidManifest.xml:23:5-76
32-->[:unityLibrary] AndroidManifest.xml:23:22-73
33    <uses-permission android:name="org.khronos.openxr.permission.OPENXR_SYSTEM" />
33-->[:unityLibrary] AndroidManifest.xml:24:5-83
33-->[:unityLibrary] AndroidManifest.xml:24:22-80
34    <uses-permission android:name="org.khronos.openxr.permission.OPENXR" />
34-->[:unityLibrary] AndroidManifest.xml:23:5-76
34-->[:unityLibrary] AndroidManifest.xml:23:22-73
35    <uses-permission android:name="org.khronos.openxr.permission.OPENXR_SYSTEM" />
35-->[:unityLibrary] AndroidManifest.xml:24:5-83
35-->[:unityLibrary] AndroidManifest.xml:24:22-80
36    <uses-permission android:name="org.khronos.openxr.permission.OPENXR" />
36-->[:unityLibrary] AndroidManifest.xml:23:5-76
36-->[:unityLibrary] AndroidManifest.xml:23:22-73
37    <uses-permission android:name="org.khronos.openxr.permission.OPENXR_SYSTEM" />
37-->[:unityLibrary] AndroidManifest.xml:24:5-83
37-->[:unityLibrary] AndroidManifest.xml:24:22-80
38    <uses-permission android:name="org.khronos.openxr.permission.OPENXR" />
38-->[:unityLibrary] AndroidManifest.xml:23:5-76
38-->[:unityLibrary] AndroidManifest.xml:23:22-73
39    <uses-permission android:name="org.khronos.openxr.permission.OPENXR_SYSTEM" />
39-->[:unityLibrary] AndroidManifest.xml:24:5-83
39-->[:unityLibrary] AndroidManifest.xml:24:22-80
40    <uses-permission android:name="org.khronos.openxr.permission.OPENXR" />
40-->[:unityLibrary] AndroidManifest.xml:23:5-76
40-->[:unityLibrary] AndroidManifest.xml:23:22-73
41    <uses-permission android:name="org.khronos.openxr.permission.OPENXR_SYSTEM" />
41-->[:unityLibrary] AndroidManifest.xml:24:5-83
41-->[:unityLibrary] AndroidManifest.xml:24:22-80
42    <uses-permission android:name="org.khronos.openxr.permission.OPENXR" />
42-->[:unityLibrary] AndroidManifest.xml:23:5-76
42-->[:unityLibrary] AndroidManifest.xml:23:22-73
43    <uses-permission android:name="org.khronos.openxr.permission.OPENXR_SYSTEM" />
43-->[:unityLibrary] AndroidManifest.xml:24:5-83
43-->[:unityLibrary] AndroidManifest.xml:24:22-80
44    <uses-permission android:name="org.khronos.openxr.permission.OPENXR" />
44-->[:unityLibrary] AndroidManifest.xml:23:5-76
44-->[:unityLibrary] AndroidManifest.xml:23:22-73
45    <uses-permission android:name="org.khronos.openxr.permission.OPENXR_SYSTEM" />
45-->[:unityLibrary] AndroidManifest.xml:24:5-83
45-->[:unityLibrary] AndroidManifest.xml:24:22-80
46    <uses-permission android:name="org.khronos.openxr.permission.OPENXR" />
46-->[:unityLibrary] AndroidManifest.xml:23:5-76
46-->[:unityLibrary] AndroidManifest.xml:23:22-73
47    <uses-permission android:name="org.khronos.openxr.permission.OPENXR_SYSTEM" />
47-->[:unityLibrary] AndroidManifest.xml:24:5-83
47-->[:unityLibrary] AndroidManifest.xml:24:22-80
48    <uses-permission android:name="org.khronos.openxr.permission.OPENXR" />
48-->[:unityLibrary] AndroidManifest.xml:23:5-76
48-->[:unityLibrary] AndroidManifest.xml:23:22-73
49    <uses-permission android:name="org.khronos.openxr.permission.OPENXR_SYSTEM" />
49-->[:unityLibrary] AndroidManifest.xml:24:5-83
49-->[:unityLibrary] AndroidManifest.xml:24:22-80
50    <uses-permission android:name="vive.wave.vr.oem.data.OEMDataRead" />
50-->[:wvr_unity_plugin_2022:] AndroidManifest.xml:9:5-73
50-->[:wvr_unity_plugin_2022:] AndroidManifest.xml:9:22-70
51    <uses-permission android:name="vive.wave.vr.oem.data.OEMDataWrite" />
51-->[:wvr_unity_plugin_2022:] AndroidManifest.xml:10:5-74
51-->[:wvr_unity_plugin_2022:] AndroidManifest.xml:10:22-71
52
53    <application
53-->src\main\AndroidManifest.xml:3:3-83
54        android:debuggable="true"
55        android:extractNativeLibs="true"
55-->[:unityLibrary] AndroidManifest.xml:43:9-41
56        android:icon="@mipmap/app_icon"
56-->src\main\AndroidManifest.xml:3:49-80
57        android:label="@string/app_name"
57-->src\main\AndroidManifest.xml:3:16-48
58        android:theme="@style/Theme.WaveVR.Black" >
58-->[:unityLibrary] AndroidManifest.xml:46:9-50
59        <meta-data
59-->[:unityLibrary] AndroidManifest.xml:48:9-50:33
60            android:name="unity.splash-mode"
60-->[:unityLibrary] AndroidManifest.xml:49:13-45
61            android:value="0" />
61-->[:unityLibrary] AndroidManifest.xml:50:13-30
62        <meta-data
62-->[:unityLibrary] AndroidManifest.xml:51:9-53:36
63            android:name="unity.splash-enable"
63-->[:unityLibrary] AndroidManifest.xml:52:13-47
64            android:value="True" />
64-->[:unityLibrary] AndroidManifest.xml:53:13-33
65        <meta-data
65-->[:unityLibrary] AndroidManifest.xml:54:9-56:36
66            android:name="unity.launch-fullscreen"
66-->[:unityLibrary] AndroidManifest.xml:55:13-51
67            android:value="True" />
67-->[:unityLibrary] AndroidManifest.xml:56:13-33
68        <meta-data
68-->[:unityLibrary] AndroidManifest.xml:57:9-59:37
69            android:name="unity.allow-resizable-window"
69-->[:unityLibrary] AndroidManifest.xml:58:13-56
70            android:value="False" />
70-->[:unityLibrary] AndroidManifest.xml:59:13-34
71        <meta-data
71-->[:unityLibrary] AndroidManifest.xml:60:9-62:50
72            android:name="notch.config"
72-->[:unityLibrary] AndroidManifest.xml:61:13-40
73            android:value="portrait|landscape" />
73-->[:unityLibrary] AndroidManifest.xml:62:13-47
74        <meta-data
74-->[:unityLibrary] AndroidManifest.xml:63:9-65:36
75            android:name="unity.auto-report-fully-drawn"
75-->[:unityLibrary] AndroidManifest.xml:64:13-57
76            android:value="true" />
76-->[:unityLibrary] AndroidManifest.xml:65:13-33
77
78        <activity
78-->[:unityLibrary] AndroidManifest.xml:67:9-103:20
79            android:name="com.htc.vr.unity.WVRUnityVRActivity"
79-->[:unityLibrary] AndroidManifest.xml:68:13-63
80            android:configChanges="mcc|mnc|locale|touchscreen|keyboard|keyboardHidden|navigation|orientation|screenLayout|uiMode|screenSize|smallestScreenSize|fontScale|layoutDirection|density"
80-->[:unityLibrary] AndroidManifest.xml:69:13-194
81            android:enableVrMode="@string/wvr_vr_mode_component"
81-->[:unityLibrary] AndroidManifest.xml:70:13-65
82            android:exported="true"
82-->[:unityLibrary] AndroidManifest.xml:71:13-36
83            android:hardwareAccelerated="false"
83-->[:unityLibrary] AndroidManifest.xml:72:13-48
84            android:label="@string/app_name"
84-->[:unityLibrary] AndroidManifest.xml:73:13-45
85            android:launchMode="singleTask"
85-->[:unityLibrary] AndroidManifest.xml:74:13-44
86            android:resizeableActivity="false"
86-->[:unityLibrary] AndroidManifest.xml:75:13-47
87            android:screenOrientation="landscape" >
87-->[:unityLibrary] AndroidManifest.xml:76:13-50
88            <intent-filter>
88-->[:unityLibrary] AndroidManifest.xml:77:13-92:29
89                <category android:name="android.intent.category.LAUNCHER" />
89-->[:unityLibrary] AndroidManifest.xml:78:17-77
89-->[:unityLibrary] AndroidManifest.xml:78:27-74
90                <category android:name="com.htc.intent.category.VRAPP" />
90-->[:unityLibrary] AndroidManifest.xml:79:17-74
90-->[:unityLibrary] AndroidManifest.xml:79:27-71
91
92                <action android:name="android.intent.action.MAIN" />
92-->[:unityLibrary] AndroidManifest.xml:81:17-69
92-->[:unityLibrary] AndroidManifest.xml:81:25-66
93
94                <category android:name="org.khronos.openxr.intent.category.IMMERSIVE_HMD" />
94-->[:unityLibrary] AndroidManifest.xml:83:17-93
94-->[:unityLibrary] AndroidManifest.xml:83:27-90
95                <category android:name="org.khronos.openxr.intent.category.IMMERSIVE_HMD" />
95-->[:unityLibrary] AndroidManifest.xml:83:17-93
95-->[:unityLibrary] AndroidManifest.xml:83:27-90
96                <category android:name="org.khronos.openxr.intent.category.IMMERSIVE_HMD" />
96-->[:unityLibrary] AndroidManifest.xml:83:17-93
96-->[:unityLibrary] AndroidManifest.xml:83:27-90
97                <category android:name="org.khronos.openxr.intent.category.IMMERSIVE_HMD" />
97-->[:unityLibrary] AndroidManifest.xml:83:17-93
97-->[:unityLibrary] AndroidManifest.xml:83:27-90
98                <category android:name="org.khronos.openxr.intent.category.IMMERSIVE_HMD" />
98-->[:unityLibrary] AndroidManifest.xml:83:17-93
98-->[:unityLibrary] AndroidManifest.xml:83:27-90
99                <category android:name="org.khronos.openxr.intent.category.IMMERSIVE_HMD" />
99-->[:unityLibrary] AndroidManifest.xml:83:17-93
99-->[:unityLibrary] AndroidManifest.xml:83:27-90
100                <category android:name="org.khronos.openxr.intent.category.IMMERSIVE_HMD" />
100-->[:unityLibrary] AndroidManifest.xml:83:17-93
100-->[:unityLibrary] AndroidManifest.xml:83:27-90
101                <category android:name="org.khronos.openxr.intent.category.IMMERSIVE_HMD" />
101-->[:unityLibrary] AndroidManifest.xml:83:17-93
101-->[:unityLibrary] AndroidManifest.xml:83:27-90
102                <category android:name="org.khronos.openxr.intent.category.IMMERSIVE_HMD" />
102-->[:unityLibrary] AndroidManifest.xml:83:17-93
102-->[:unityLibrary] AndroidManifest.xml:83:27-90
103            </intent-filter>
104
105            <meta-data
105-->[:unityLibrary] AndroidManifest.xml:94:13-96:40
106                android:name="unityplayer.UnityActivity"
106-->[:unityLibrary] AndroidManifest.xml:95:17-57
107                android:value="true" />
107-->[:unityLibrary] AndroidManifest.xml:96:17-37
108            <meta-data
108-->[:unityLibrary] AndroidManifest.xml:97:13-99:40
109                android:name="unityplayer.SkipPermissionsDialog"
109-->[:unityLibrary] AndroidManifest.xml:98:17-65
110                android:value="true" />
110-->[:unityLibrary] AndroidManifest.xml:99:17-37
111            <meta-data
111-->[:unityLibrary] AndroidManifest.xml:100:13-102:40
112                android:name="notch_support"
112-->[:unityLibrary] AndroidManifest.xml:101:17-45
113                android:value="true" />
113-->[:unityLibrary] AndroidManifest.xml:102:17-37
114        </activity>
115
116        <meta-data
116-->[:unityLibrary] AndroidManifest.xml:105:9-107:41
117            android:name="com.htc.ViveWaveAndroid.SdkVersion"
117-->[:unityLibrary] AndroidManifest.xml:106:13-62
118            android:value="5.3.1-r.2" />
118-->[:unityLibrary] AndroidManifest.xml:107:13-38
119        <meta-data
119-->[:unityLibrary] AndroidManifest.xml:108:9-110:42
120            android:name="com.htc.vr.content.UnityVersion"
120-->[:unityLibrary] AndroidManifest.xml:109:13-59
121            android:value="2022.3.0f1" />
121-->[:unityLibrary] AndroidManifest.xml:110:13-39
122        <meta-data
122-->[:unityLibrary] AndroidManifest.xml:105:9-107:41
123            android:name="com.htc.ViveWaveAndroid.SdkVersion"
123-->[:unityLibrary] AndroidManifest.xml:106:13-62
124            android:value="5.3.1-r.2" />
124-->[:unityLibrary] AndroidManifest.xml:107:13-38
125        <meta-data
125-->[:unityLibrary] AndroidManifest.xml:108:9-110:42
126            android:name="com.htc.vr.content.UnityVersion"
126-->[:unityLibrary] AndroidManifest.xml:109:13-59
127            android:value="2022.3.0f1" />
127-->[:unityLibrary] AndroidManifest.xml:110:13-39
128        <meta-data
128-->[:unityLibrary] AndroidManifest.xml:105:9-107:41
129            android:name="com.htc.ViveWaveAndroid.SdkVersion"
129-->[:unityLibrary] AndroidManifest.xml:106:13-62
130            android:value="5.3.1-r.2" />
130-->[:unityLibrary] AndroidManifest.xml:107:13-38
131        <meta-data
131-->[:unityLibrary] AndroidManifest.xml:108:9-110:42
132            android:name="com.htc.vr.content.UnityVersion"
132-->[:unityLibrary] AndroidManifest.xml:109:13-59
133            android:value="2022.3.0f1" />
133-->[:unityLibrary] AndroidManifest.xml:110:13-39
134        <meta-data
134-->[:unityLibrary] AndroidManifest.xml:105:9-107:41
135            android:name="com.htc.ViveWaveAndroid.SdkVersion"
135-->[:unityLibrary] AndroidManifest.xml:106:13-62
136            android:value="5.3.1-r.2" />
136-->[:unityLibrary] AndroidManifest.xml:107:13-38
137        <meta-data
137-->[:unityLibrary] AndroidManifest.xml:108:9-110:42
138            android:name="com.htc.vr.content.UnityVersion"
138-->[:unityLibrary] AndroidManifest.xml:109:13-59
139            android:value="2022.3.0f1" />
139-->[:unityLibrary] AndroidManifest.xml:110:13-39
140        <meta-data
140-->[:unityLibrary] AndroidManifest.xml:105:9-107:41
141            android:name="com.htc.ViveWaveAndroid.SdkVersion"
141-->[:unityLibrary] AndroidManifest.xml:106:13-62
142            android:value="5.3.1-r.2" />
142-->[:unityLibrary] AndroidManifest.xml:107:13-38
143        <meta-data
143-->[:unityLibrary] AndroidManifest.xml:108:9-110:42
144            android:name="com.htc.vr.content.UnityVersion"
144-->[:unityLibrary] AndroidManifest.xml:109:13-59
145            android:value="2022.3.0f1" />
145-->[:unityLibrary] AndroidManifest.xml:110:13-39
146        <meta-data
146-->[:unityLibrary] AndroidManifest.xml:105:9-107:41
147            android:name="com.htc.ViveWaveAndroid.SdkVersion"
147-->[:unityLibrary] AndroidManifest.xml:106:13-62
148            android:value="5.3.1-r.2" />
148-->[:unityLibrary] AndroidManifest.xml:107:13-38
149        <meta-data
149-->[:unityLibrary] AndroidManifest.xml:108:9-110:42
150            android:name="com.htc.vr.content.UnityVersion"
150-->[:unityLibrary] AndroidManifest.xml:109:13-59
151            android:value="2022.3.0f1" />
151-->[:unityLibrary] AndroidManifest.xml:110:13-39
152        <meta-data
152-->[:unityLibrary] AndroidManifest.xml:105:9-107:41
153            android:name="com.htc.ViveWaveAndroid.SdkVersion"
153-->[:unityLibrary] AndroidManifest.xml:106:13-62
154            android:value="5.3.1-r.2" />
154-->[:unityLibrary] AndroidManifest.xml:107:13-38
155        <meta-data
155-->[:unityLibrary] AndroidManifest.xml:108:9-110:42
156            android:name="com.htc.vr.content.UnityVersion"
156-->[:unityLibrary] AndroidManifest.xml:109:13-59
157            android:value="2022.3.0f1" />
157-->[:unityLibrary] AndroidManifest.xml:110:13-39
158        <meta-data
158-->[:unityLibrary] AndroidManifest.xml:105:9-107:41
159            android:name="com.htc.ViveWaveAndroid.SdkVersion"
159-->[:unityLibrary] AndroidManifest.xml:106:13-62
160            android:value="5.3.1-r.2" />
160-->[:unityLibrary] AndroidManifest.xml:107:13-38
161        <meta-data
161-->[:unityLibrary] AndroidManifest.xml:108:9-110:42
162            android:name="com.htc.vr.content.UnityVersion"
162-->[:unityLibrary] AndroidManifest.xml:109:13-59
163            android:value="2022.3.0f1" />
163-->[:unityLibrary] AndroidManifest.xml:110:13-39
164        <meta-data
164-->[:unityLibrary] AndroidManifest.xml:105:9-107:41
165            android:name="com.htc.ViveWaveAndroid.SdkVersion"
165-->[:unityLibrary] AndroidManifest.xml:106:13-62
166            android:value="5.3.1-r.2" />
166-->[:unityLibrary] AndroidManifest.xml:107:13-38
167        <meta-data
167-->[:unityLibrary] AndroidManifest.xml:108:9-110:42
168            android:name="com.htc.vr.content.UnityVersion"
168-->[:unityLibrary] AndroidManifest.xml:109:13-59
169            android:value="2022.3.0f1" />
169-->[:unityLibrary] AndroidManifest.xml:110:13-39
170
171        <activity android:name="com.unity3d.player.UnityPlayerActivity" >
171-->[:unityLibrary:xrmanifest.androidlib] AndroidManifest.xml:10:9-11:20
171-->[:unityLibrary:xrmanifest.androidlib] AndroidManifest.xml:10:19-72
172        </activity>
173    </application>
174
175</manifest>